
> preview@0.0.1 dev
> astro dev --host 0.0.0.0 --port 3000

▶ Astro collects anonymous usage data.
  This information helps us improve Astro.
  Run "astro telemetry disable" to opt-out.
  https://astro.build/telemetry

04:05:03 [types] Generated 1ms
04:05:03 [content] Syncing content
04:05:03 [content] Synced content

 astro  v5.7.5 ready in 311 ms

┃ Local    http://localhost:3000/
┃ Network  http://172.17.0.2:3000/

04:05:03 watching for file changes...
04:05:05 [404] /logo.svg 19ms
04:05:05 [404] /logo.svg 1ms
04:05:05 [404] /logo.svg 1ms
04:05:05 [404] /logo.svg 1ms
04:05:07 [200] / 72ms
04:05:08 [404] /logo.svg 1ms
04:05:08 [404] /logo.svg 1ms
04:05:08 [404] /logo.svg 1ms
04:05:08 [404] /logo.svg 1ms
04:05:28 [404] /logo.svg 1ms
04:05:28 [404] /logo.svg 1ms
04:05:29 [404] /logo.svg 1ms
04:05:29 [404] /logo.svg 1ms
04:05:30 [404] /logo.svg 1ms
04:05:30 [404] /logo.svg 1ms
04:05:30 [404] /logo.svg 1ms
04:05:30 [404] /logo.svg 1ms
04:05:34 [404] /logo.svg 1ms
04:05:34 [404] /logo.svg 0ms
04:05:35 [404] /logo.svg 1ms
04:05:35 [404] /logo.svg 1ms
04:06:25 [watch] /src/output/StyleGuide.jsx, /src/styles/global.css
04:06:25 [watch] src/output/StyleGuide.jsx
04:06:25 [watch] /src/output/components/HeaderComponent.jsx, /src/styles/global.css
04:06:25 [watch] src/output/components/HeaderComponent.jsx
04:06:25 [watch] /src/output/components/AlertdialogComponent.jsx, /src/styles/global.css
04:06:25 [watch] src/output/components/AlertdialogComponent.jsx
04:06:25 [watch] /src/output/components/PopoverComponent.jsx, /src/styles/global.css
04:06:25 [watch] src/output/components/PopoverComponent.jsx
04:06:25 [watch] /src/output/components/DropdownmenudemoComponent.jsx, /src/styles/global.css
04:06:25 [watch] src/output/components/DropdownmenudemoComponent.jsx
04:06:25 [watch] /src/output/components/OnetimepasswordComponent.jsx, /src/styles/global.css
04:06:25 [watch] src/output/components/OnetimepasswordComponent.jsx
04:06:25 [watch] /src/output/components/HovercardComponent.jsx, /src/styles/global.css
04:06:25 [watch] src/output/components/HovercardComponent.jsx
04:06:25 [watch] /src/output/components/TabsComponent.jsx, /src/styles/global.css
04:06:25 [watch] src/output/components/TabsComponent.jsx
04:06:25 [watch] /src/output/components/ToggleComponent.jsx, /src/styles/global.css
04:06:25 [watch] src/output/components/ToggleComponent.jsx
04:06:25 [watch] /src/output/components/ButtonComponent.jsx, /src/styles/global.css
04:06:25 [watch] src/output/components/ButtonComponent.jsx
04:06:25 [watch] /src/output/components/TooltipComponent.jsx, /src/styles/global.css
04:06:25 [watch] src/output/components/TooltipComponent.jsx
04:06:25 [watch] /src/output/components/ContentsectionComponent.jsx, /src/styles/global.css
04:06:25 [watch] src/output/components/ContentsectionComponent.jsx
04:06:25 [watch] /src/output/components/TogglegroupComponent.jsx, /src/styles/global.css
04:06:25 [watch] src/output/components/TogglegroupComponent.jsx
04:06:25 [watch] /src/output/components/ModalComponent.jsx, /src/styles/global.css
04:06:25 [watch] src/output/components/ModalComponent.jsx
04:06:25 [watch] /src/output/components/NavigationmenuComponent.jsx, /src/styles/global.css
04:06:25 [watch] src/output/components/NavigationmenuComponent.jsx
04:06:25 [watch] /src/output/components/DialogComponent.jsx, /src/styles/global.css
04:06:25 [watch] src/output/components/DialogComponent.jsx
04:06:25 [watch] /src/output/components/CollapsibleComponent.jsx, /src/styles/global.css
04:06:25 [watch] src/output/components/CollapsibleComponent.jsx
04:06:25 [watch] /src/output/components/ProgressComponent.jsx, /src/styles/global.css
04:06:25 [watch] src/output/components/ProgressComponent.jsx
04:06:25 [watch] /src/output/components/ContextmenuComponent.jsx, /src/styles/global.css
04:06:25 [watch] src/output/components/ContextmenuComponent.jsx
04:06:25 [watch] /src/output/components/RadiogroupComponent.jsx, /src/styles/global.css
04:06:25 [watch] src/output/components/RadiogroupComponent.jsx
04:06:25 [watch] /src/output/components/SelectComponent.jsx, /src/styles/global.css
04:06:25 [watch] src/output/components/SelectComponent.jsx
04:06:25 [watch] /src/output/components/ScrollareaComponent.jsx, /src/styles/global.css
04:06:25 [watch] src/output/components/ScrollareaComponent.jsx
04:06:25 [watch] /src/output/components/ToolbarComponent.jsx, /src/styles/global.css
04:06:25 [watch] src/output/components/ToolbarComponent.jsx
04:06:25 [watch] /src/output/components/FormfieldComponent.jsx, /src/styles/global.css
04:06:25 [watch] src/output/components/FormfieldComponent.jsx
04:06:25 [watch] /src/output/components/CheckboxComponent.jsx, /src/styles/global.css
04:06:25 [watch] src/output/components/CheckboxComponent.jsx
04:06:25 [watch] /src/output/components/LabelComponent.jsx, /src/styles/global.css
04:06:25 [watch] src/output/components/LabelComponent.jsx
04:06:25 [watch] /src/output/components/ToastComponent.jsx, /src/styles/global.css
04:06:25 [watch] src/output/components/ToastComponent.jsx
04:06:25 [watch] /src/output/components/SeparatordemoComponent.jsx, /src/styles/global.css
04:06:25 [watch] src/output/components/SeparatordemoComponent.jsx
04:06:25 [watch] /src/output/components/SliderComponent.jsx, /src/styles/global.css
04:06:25 [watch] src/output/components/SliderComponent.jsx
04:06:25 [watch] /src/output/components/AccordionComponent.jsx, /src/styles/global.css
04:06:25 [watch] src/output/components/AccordionComponent.jsx
04:06:25 [watch] /src/output/components/CardComponent.jsx, /src/styles/global.css
04:06:25 [watch] src/output/components/CardComponent.jsx
04:06:25 [watch] /src/output/components/FormComponent.jsx, /src/styles/global.css
04:06:25 [watch] src/output/components/FormComponent.jsx
04:06:25 [watch] /src/output/components/ProfilecardComponent.jsx, /src/styles/global.css
04:06:25 [watch] src/output/components/ProfilecardComponent.jsx
04:06:25 [watch] /src/output/components/MenubarComponent.jsx, /src/styles/global.css
04:06:25 [watch] src/output/components/MenubarComponent.jsx
04:06:25 [watch] /src/output/components/SwitchComponent.jsx, /src/styles/global.css
04:06:25 [watch] src/output/components/SwitchComponent.jsx
04:06:25 [watch] src/output/style_summary.md
04:06:25 [watch] src/output/style_summary.md
04:06:26 [404] /logo.svg 1ms
04:06:26 [404] /logo.svg 1ms
04:06:26 [200] / 39ms
04:06:26 [404] /logo.svg 1ms
04:06:27 [404] /logo.svg 1ms
04:06:27 [404] /logo.svg 0ms
04:06:27 [404] /logo.svg 0ms
04:07:38 [watch] /src/output/StyleGuide.jsx, /src/styles/global.css
04:07:38 [watch] src/output/StyleGuide.jsx
04:07:38 [watch] /src/output/components/HeaderComponent.jsx, /src/styles/global.css
04:07:38 [watch] src/output/components/HeaderComponent.jsx
04:07:38 [watch] /src/output/components/AlertdialogComponent.jsx, /src/styles/global.css
04:07:38 [watch] src/output/components/AlertdialogComponent.jsx
04:07:38 [watch] /src/output/components/PopoverComponent.jsx, /src/styles/global.css
04:07:38 [watch] src/output/components/PopoverComponent.jsx
04:07:38 [watch] /src/output/components/DropdownmenudemoComponent.jsx, /src/styles/global.css
04:07:38 [watch] src/output/components/DropdownmenudemoComponent.jsx
04:07:38 [watch] /src/output/components/OnetimepasswordComponent.jsx, /src/styles/global.css
04:07:38 [watch] src/output/components/OnetimepasswordComponent.jsx
04:07:38 [watch] /src/output/components/HovercardComponent.jsx, /src/styles/global.css
04:07:38 [watch] src/output/components/HovercardComponent.jsx
04:07:38 [watch] /src/output/components/TabsComponent.jsx, /src/styles/global.css
04:07:38 [watch] src/output/components/TabsComponent.jsx
04:07:38 [watch] /src/output/components/ToggleComponent.jsx, /src/styles/global.css
04:07:38 [watch] src/output/components/ToggleComponent.jsx
04:07:38 [watch] /src/output/components/ButtonComponent.jsx, /src/styles/global.css
04:07:38 [watch] src/output/components/ButtonComponent.jsx
04:07:38 [watch] /src/output/components/TooltipComponent.jsx, /src/styles/global.css
04:07:38 [watch] src/output/components/TooltipComponent.jsx
04:07:38 [watch] /src/output/components/ContentsectionComponent.jsx, /src/styles/global.css
04:07:38 [watch] src/output/components/ContentsectionComponent.jsx
04:07:38 [watch] /src/output/components/TogglegroupComponent.jsx, /src/styles/global.css
04:07:38 [watch] src/output/components/TogglegroupComponent.jsx
04:07:38 [watch] /src/output/components/ModalComponent.jsx, /src/styles/global.css
04:07:38 [watch] src/output/components/ModalComponent.jsx
04:07:38 [watch] /src/output/components/NavigationmenuComponent.jsx, /src/styles/global.css
04:07:38 [watch] src/output/components/NavigationmenuComponent.jsx
04:07:38 [watch] /src/output/components/DialogComponent.jsx, /src/styles/global.css
04:07:38 [watch] src/output/components/DialogComponent.jsx
04:07:38 [watch] /src/output/components/CollapsibleComponent.jsx, /src/styles/global.css
04:07:38 [watch] src/output/components/CollapsibleComponent.jsx
04:07:38 [watch] /src/output/components/ProgressComponent.jsx, /src/styles/global.css
04:07:38 [watch] src/output/components/ProgressComponent.jsx
04:07:38 [watch] /src/output/components/ContextmenuComponent.jsx, /src/styles/global.css
04:07:38 [watch] src/output/components/ContextmenuComponent.jsx
04:07:38 [watch] /src/output/components/RadiogroupComponent.jsx, /src/styles/global.css
04:07:38 [watch] src/output/components/RadiogroupComponent.jsx
04:07:38 [watch] /src/output/components/SelectComponent.jsx, /src/styles/global.css
04:07:38 [watch] src/output/components/SelectComponent.jsx
04:07:38 [watch] /src/output/components/ScrollareaComponent.jsx, /src/styles/global.css
04:07:38 [watch] src/output/components/ScrollareaComponent.jsx
04:07:38 [watch] /src/output/components/ToolbarComponent.jsx, /src/styles/global.css
04:07:38 [watch] src/output/components/ToolbarComponent.jsx
04:07:38 [watch] /src/output/components/FormfieldComponent.jsx, /src/styles/global.css
04:07:38 [watch] src/output/components/FormfieldComponent.jsx
04:07:38 [watch] /src/output/components/CheckboxComponent.jsx, /src/styles/global.css
04:07:38 [watch] src/output/components/CheckboxComponent.jsx
04:07:38 [watch] /src/output/components/LabelComponent.jsx, /src/styles/global.css
04:07:38 [watch] src/output/components/LabelComponent.jsx
04:07:38 [watch] /src/output/components/ToastComponent.jsx, /src/styles/global.css
04:07:38 [watch] src/output/components/ToastComponent.jsx
04:07:38 [watch] /src/output/components/SeparatordemoComponent.jsx, /src/styles/global.css
04:07:38 [watch] src/output/components/SeparatordemoComponent.jsx
04:07:38 [watch] /src/output/components/SliderComponent.jsx, /src/styles/global.css
04:07:38 [watch] src/output/components/SliderComponent.jsx
04:07:38 [watch] /src/output/components/AccordionComponent.jsx, /src/styles/global.css
04:07:38 [watch] src/output/components/AccordionComponent.jsx
04:07:38 [watch] /src/output/components/CardComponent.jsx, /src/styles/global.css
04:07:38 [watch] src/output/components/CardComponent.jsx
04:07:38 [watch] /src/output/components/FormComponent.jsx, /src/styles/global.css
04:07:38 [watch] src/output/components/FormComponent.jsx
04:07:38 [watch] /src/output/components/ProfilecardComponent.jsx, /src/styles/global.css
04:07:38 [watch] src/output/components/ProfilecardComponent.jsx
04:07:38 [watch] /src/output/components/MenubarComponent.jsx, /src/styles/global.css
04:07:38 [watch] src/output/components/MenubarComponent.jsx
04:07:38 [watch] /src/output/components/SwitchComponent.jsx, /src/styles/global.css
04:07:38 [watch] src/output/components/SwitchComponent.jsx
04:07:38 [watch] src/output/style_summary.md
04:07:38 [watch] src/output/style_summary.md
04:07:39 [404] /logo.svg 1ms
04:07:39 [404] /logo.svg 1ms
04:07:40 [200] / 20ms
04:07:40 [404] /logo.svg 1ms
04:07:43 [404] /logo.svg 1ms
04:07:44 [404] /logo.svg 0ms
04:07:44 [404] /logo.svg 0ms
04:08:26 [watch] /src/output/StyleGuide.jsx, /src/styles/global.css
04:08:26 [watch] src/output/StyleGuide.jsx
04:08:26 [watch] /src/output/components/HeaderComponent.jsx, /src/styles/global.css
04:08:26 [watch] src/output/components/HeaderComponent.jsx
04:08:26 [watch] /src/output/components/AlertdialogComponent.jsx, /src/styles/global.css
04:08:26 [watch] src/output/components/AlertdialogComponent.jsx
04:08:26 [watch] /src/output/components/PopoverComponent.jsx, /src/styles/global.css
04:08:26 [watch] src/output/components/PopoverComponent.jsx
04:08:26 [watch] /src/output/components/DropdownmenudemoComponent.jsx, /src/styles/global.css
04:08:26 [watch] src/output/components/DropdownmenudemoComponent.jsx
04:08:26 [watch] /src/output/components/OnetimepasswordComponent.jsx, /src/styles/global.css
04:08:26 [watch] src/output/components/OnetimepasswordComponent.jsx
04:08:26 [watch] /src/output/components/HovercardComponent.jsx, /src/styles/global.css
04:08:26 [watch] src/output/components/HovercardComponent.jsx
04:08:26 [watch] /src/output/components/TabsComponent.jsx, /src/styles/global.css
04:08:26 [watch] src/output/components/TabsComponent.jsx
04:08:26 [watch] /src/output/components/ToggleComponent.jsx, /src/styles/global.css
04:08:26 [watch] src/output/components/ToggleComponent.jsx
04:08:26 [watch] /src/output/components/ButtonComponent.jsx, /src/styles/global.css
04:08:26 [watch] src/output/components/ButtonComponent.jsx
04:08:26 [watch] /src/output/components/TooltipComponent.jsx, /src/styles/global.css
04:08:26 [watch] src/output/components/TooltipComponent.jsx
04:08:26 [watch] /src/output/components/ContentsectionComponent.jsx, /src/styles/global.css
04:08:26 [watch] src/output/components/ContentsectionComponent.jsx
04:08:26 [watch] /src/output/components/TogglegroupComponent.jsx, /src/styles/global.css
04:08:26 [watch] src/output/components/TogglegroupComponent.jsx
04:08:26 [watch] /src/output/components/ModalComponent.jsx, /src/styles/global.css
04:08:26 [watch] src/output/components/ModalComponent.jsx
04:08:26 [watch] /src/output/components/NavigationmenuComponent.jsx, /src/styles/global.css
04:08:26 [watch] src/output/components/NavigationmenuComponent.jsx
04:08:26 [watch] /src/output/components/DialogComponent.jsx, /src/styles/global.css
04:08:26 [watch] src/output/components/DialogComponent.jsx
04:08:26 [watch] /src/output/components/CollapsibleComponent.jsx, /src/styles/global.css
04:08:26 [watch] src/output/components/CollapsibleComponent.jsx
04:08:26 [watch] /src/output/components/ProgressComponent.jsx, /src/styles/global.css
04:08:26 [watch] src/output/components/ProgressComponent.jsx
04:08:26 [watch] /src/output/components/ContextmenuComponent.jsx, /src/styles/global.css
04:08:26 [watch] src/output/components/ContextmenuComponent.jsx
04:08:26 [watch] /src/output/components/RadiogroupComponent.jsx, /src/styles/global.css
04:08:26 [watch] src/output/components/RadiogroupComponent.jsx
04:08:26 [watch] /src/output/components/SelectComponent.jsx, /src/styles/global.css
04:08:26 [watch] src/output/components/SelectComponent.jsx
04:08:26 [watch] /src/output/components/ScrollareaComponent.jsx, /src/styles/global.css
04:08:26 [watch] src/output/components/ScrollareaComponent.jsx
04:08:26 [watch] /src/output/components/ToolbarComponent.jsx, /src/styles/global.css
04:08:26 [watch] src/output/components/ToolbarComponent.jsx
04:08:26 [watch] /src/output/components/FormfieldComponent.jsx, /src/styles/global.css
04:08:26 [watch] src/output/components/FormfieldComponent.jsx
04:08:26 [watch] /src/output/components/CheckboxComponent.jsx, /src/styles/global.css
04:08:26 [watch] src/output/components/CheckboxComponent.jsx
04:08:26 [watch] /src/output/components/LabelComponent.jsx, /src/styles/global.css
04:08:26 [watch] src/output/components/LabelComponent.jsx
04:08:26 [watch] /src/output/components/SeparatordemoComponent.jsx, /src/styles/global.css
04:08:26 [watch] src/output/components/SeparatordemoComponent.jsx
04:08:26 [watch] /src/output/components/SliderComponent.jsx, /src/styles/global.css
04:08:26 [watch] src/output/components/SliderComponent.jsx
04:08:26 [watch] /src/output/components/ToastComponent.jsx, /src/styles/global.css
04:08:26 [watch] src/output/components/ToastComponent.jsx
04:08:26 [watch] /src/output/components/AccordionComponent.jsx, /src/styles/global.css
04:08:26 [watch] src/output/components/AccordionComponent.jsx
04:08:26 [watch] /src/output/components/CardComponent.jsx, /src/styles/global.css
04:08:26 [watch] src/output/components/CardComponent.jsx
04:08:26 [watch] /src/output/components/FormComponent.jsx, /src/styles/global.css
04:08:26 [watch] src/output/components/FormComponent.jsx
04:08:26 [watch] /src/output/components/ProfilecardComponent.jsx, /src/styles/global.css
04:08:26 [watch] src/output/components/ProfilecardComponent.jsx
04:08:26 [watch] /src/output/components/MenubarComponent.jsx, /src/styles/global.css
04:08:26 [watch] src/output/components/MenubarComponent.jsx
04:08:26 [watch] /src/output/components/SwitchComponent.jsx, /src/styles/global.css
04:08:26 [watch] src/output/components/SwitchComponent.jsx
04:08:26 [watch] src/output/style_summary.md
04:08:26 [watch] src/output/style_summary.md
04:08:27 [404] /logo.svg 1ms
04:08:27 [404] /logo.svg 1ms
04:08:27 [200] / 20ms
04:08:27 [404] /logo.svg 0ms
04:08:27 [404] /logo.svg 0ms
04:08:28 [404] /logo.svg 1ms
04:08:28 [404] /logo.svg 0ms
